<?xml version="1.0" encoding="UTF-8"?>
<testng-results skipped="1" failed="0" ignored="0" total="17" passed="16">
  <reporter-output>
  </reporter-output>
  <suite name="Suite" duration-ms="624630" started-at="2022-09-01T08:33:01Z" finished-at="2022-09-01T08:43:26Z">
    <groups>
      <group name="smoke">
        <method signature="TestingSingInSinario.testCase1()[pri:0, instance:org.projecttoolstation.TestingSingInSinario@47c62251]" name="testCase1" class="org.projecttoolstation.TestingSingInSinario"/>
        <method signature="TestingSingInSinario.testCase2()[pri:0, instance:org.projecttoolstation.TestingSingInSinario@47c62251]" name="testCase2" class="org.projecttoolstation.TestingSingInSinario"/>
        <method signature="TestingSingInSinario.testCase3()[pri:0, instance:org.projecttoolstation.TestingSingInSinario@47c62251]" name="testCase3" class="org.projecttoolstation.TestingSingInSinario"/>
        <method signature="TestingSingInSinario.testCase4()[pri:0, instance:org.projecttoolstation.TestingSingInSinario@47c62251]" name="testCase4" class="org.projecttoolstation.TestingSingInSinario"/>
        <method signature="Trolleyfunctionality.testCase1()[pri:0, instance:org.projecttoolstation.Trolleyfunctionality@77caeb3e]" name="testCase1" class="org.projecttoolstation.Trolleyfunctionality"/>
        <method signature="forgotPasswordFuntionality.testCase1()[pri:0, instance:org.projecttoolstation.forgotPasswordFuntionality@3e6fa38a]" name="testCase1" class="org.projecttoolstation.forgotPasswordFuntionality"/>
        <method signature="homePageTesting.testCase2()[pri:0, instance:org.projecttoolstation.homePageTesting@27efef64]" name="testCase2" class="org.projecttoolstation.homePageTesting"/>
        <method signature="homePageTesting.testcase1()[pri:0, instance:org.projecttoolstation.homePageTesting@27efef64]" name="testcase1" class="org.projecttoolstation.homePageTesting"/>
        <method signature="homePageTesting.testcase3()[pri:0, instance:org.projecttoolstation.homePageTesting@27efef64]" name="testcase3" class="org.projecttoolstation.homePageTesting"/>
        <method signature="homePageTesting.testcase4()[pri:0, instance:org.projecttoolstation.homePageTesting@27efef64]" name="testcase4" class="org.projecttoolstation.homePageTesting"/>
        <method signature="signUpFunctionality.testCase1()[pri:0, instance:org.projecttoolstation.signUpFunctionality@6f7fd0e6]" name="testCase1" class="org.projecttoolstation.signUpFunctionality"/>
      </group> <!-- smoke -->
      <group name="retest">
        <method signature="SearchBoxFunctionality.testCase1(java.lang.String)[pri:0, instance:org.projecttoolstation.SearchBoxFunctionality@66a3ffec]" name="testCase1" class="org.projecttoolstation.SearchBoxFunctionality"/>
        <method signature="homePageTesting.popupFunctionalityTest1()[pri:0, instance:org.projecttoolstation.homePageTesting@27efef64]" name="popupFunctionalityTest1" class="org.projecttoolstation.homePageTesting"/>
      </group> <!-- retest -->
    </groups>
    <test name="Test" duration-ms="624630" started-at="2022-09-01T08:33:01Z" finished-at="2022-09-01T08:43:26Z">
      <class name="org.projecttoolstation.SearchBoxFunctionality">
        <test-method status="PASS" signature="startingBrowser()[pri:0, instance:org.projecttoolstation.SearchBoxFunctionality@66a3ffec]" name="startingBrowser" is-config="true" duration-ms="1" started-at="2022-09-01T08:37:18Z" finished-at="2022-09-01T08:37:18Z">
          <reporter-output>
          </reporter-output>
        </test-method> <!-- startingBrowser -->
        <test-method status="PASS" signature="startTime()[pri:0, instance:org.projecttoolstation.SearchBoxFunctionality@66a3ffec]" name="startTime" is-config="true" duration-ms="21656" started-at="2022-09-01T08:37:19Z" finished-at="2022-09-01T08:37:40Z">
          <reporter-output>
          </reporter-output>
        </test-method> <!-- startTime -->
        <test-method status="SKIP" signature="testCase1(java.lang.String)[pri:0, instance:org.projecttoolstation.SearchBoxFunctionality@66a3ffec]" name="testCase1" duration-ms="10981" started-at="2022-09-01T08:37:40Z" data-provider="searchByItems" finished-at="2022-09-01T08:37:51Z">
          <params>
            <param index="0">
              <value>
                <![CDATA[spray paint]]>
              </value>
            </param>
          </params>
          <exception class="java.lang.AssertionError">
            <message>
              <![CDATA[expected [true] but found [false]]]>
            </message>
            <full-stacktrace>
              <![CDATA[java.lang.AssertionError: expected [true] but found [false]
at org.testng.Assert.fail(Assert.java:96)
at org.testng.Assert.failNotEquals(Assert.java:776)
at org.testng.Assert.assertTrue(Assert.java:44)
at org.testng.Assert.assertTrue(Assert.java:54)
at org.projecttoolstation.SearchBoxFunctionality.testCase1(SearchBoxFunctionality.java:63)
at sun.reflect.NativeMethodAccessorImpl.invoke0(Native Method)
at sun.reflect.NativeMethodAccessorImpl.invoke(Unknown Source)
at sun.reflect.DelegatingMethodAccessorImpl.invoke(Unknown Source)
at java.lang.reflect.Method.invoke(Unknown Source)
at org.testng.internal.MethodInvocationHelper.invokeMethod(MethodInvocationHelper.java:124)
at org.testng.internal.Invoker.invokeMethod(Invoker.java:583)
at org.testng.internal.Invoker.invokeTestMethod(Invoker.java:719)
at org.testng.internal.Invoker.invokeTestMethods(Invoker.java:989)
at org.testng.internal.TestMethodWorker.invokeTestMethods(TestMethodWorker.java:125)
at org.testng.internal.TestMethodWorker.run(TestMethodWorker.java:109)
at org.testng.TestRunner.privateRun(TestRunner.java:648)
at org.testng.TestRunner.run(TestRunner.java:505)
at org.testng.SuiteRunner.runTest(SuiteRunner.java:455)
at org.testng.SuiteRunner.runSequentially(SuiteRunner.java:450)
at org.testng.SuiteRunner.privateRun(SuiteRunner.java:415)
at org.testng.SuiteRunner.run(SuiteRunner.java:364)
at org.testng.SuiteRunnerWorker.runSuite(SuiteRunnerWorker.java:52)
at org.testng.SuiteRunnerWorker.run(SuiteRunnerWorker.java:84)
at org.testng.TestNG.runSuitesSequentially(TestNG.java:1208)
at org.testng.TestNG.runSuitesLocally(TestNG.java:1137)
at org.testng.TestNG.runSuites(TestNG.java:1049)
at org.testng.TestNG.run(TestNG.java:1017)
at org.testng.remote.AbstractRemoteTestNG.run(AbstractRemoteTestNG.java:114)
at org.testng.remote.RemoteTestNG.initAndRun(RemoteTestNG.java:251)
at org.testng.remote.RemoteTestNG.main(RemoteTestNG.java:77)
]]>
            </full-stacktrace>
          </exception> <!-- java.lang.AssertionError -->
          <reporter-output>
          </reporter-output>
        </test-method> <!-- testCase1 -->
        <test-method status="PASS" signature="endTime()[pri:0, instance:org.projecttoolstation.SearchBoxFunctionality@66a3ffec]" name="endTime" is-config="true" duration-ms="0" started-at="2022-09-01T08:37:51Z" finished-at="2022-09-01T08:37:51Z">
          <reporter-output>
          </reporter-output>
        </test-method> <!-- endTime -->
        <test-method status="PASS" signature="startTime()[pri:0, instance:org.projecttoolstation.SearchBoxFunctionality@66a3ffec]" name="startTime" is-config="true" duration-ms="31336" started-at="2022-09-01T08:37:52Z" finished-at="2022-09-01T08:38:23Z">
          <reporter-output>
          </reporter-output>
        </test-method> <!-- startTime -->
        <test-method status="PASS" signature="testCase1(java.lang.String)[pri:0, instance:org.projecttoolstation.SearchBoxFunctionality@66a3ffec]" name="testCase1" duration-ms="37625" started-at="2022-09-01T08:38:23Z" data-provider="searchByItems" finished-at="2022-09-01T08:39:01Z">
          <params>
            <param index="0">
              <value>
                <![CDATA[spray paint]]>
              </value>
            </param>
          </params>
          <reporter-output>
          </reporter-output>
        </test-method> <!-- testCase1 -->
        <test-method status="PASS" signature="endTime()[pri:0, instance:org.projecttoolstation.SearchBoxFunctionality@66a3ffec]" name="endTime" is-config="true" duration-ms="0" started-at="2022-09-01T08:39:01Z" finished-at="2022-09-01T08:39:01Z">
          <reporter-output>
          </reporter-output>
        </test-method> <!-- endTime -->
        <test-method status="PASS" signature="startTime()[pri:0, instance:org.projecttoolstation.SearchBoxFunctionality@66a3ffec]" name="startTime" is-config="true" duration-ms="19290" started-at="2022-09-01T08:39:01Z" finished-at="2022-09-01T08:39:20Z">
          <reporter-output>
          </reporter-output>
        </test-method> <!-- startTime -->
        <test-method status="PASS" signature="testCase1(java.lang.String)[pri:0, instance:org.projecttoolstation.SearchBoxFunctionality@66a3ffec]" name="testCase1" duration-ms="26881" started-at="2022-09-01T08:39:20Z" data-provider="searchByItems" finished-at="2022-09-01T08:39:47Z">
          <params>
            <param index="0">
              <value>
                <![CDATA[pipe]]>
              </value>
            </param>
          </params>
          <reporter-output>
          </reporter-output>
        </test-method> <!-- testCase1 -->
        <test-method status="PASS" signature="endTime()[pri:0, instance:org.projecttoolstation.SearchBoxFunctionality@66a3ffec]" name="endTime" is-config="true" duration-ms="1" started-at="2022-09-01T08:39:47Z" finished-at="2022-09-01T08:39:47Z">
          <reporter-output>
          </reporter-output>
        </test-method> <!-- endTime -->
        <test-method status="PASS" signature="startTime()[pri:0, instance:org.projecttoolstation.SearchBoxFunctionality@66a3ffec]" name="startTime" is-config="true" duration-ms="15996" started-at="2022-09-01T08:39:47Z" finished-at="2022-09-01T08:40:03Z">
          <reporter-output>
          </reporter-output>
        </test-method> <!-- startTime -->
        <test-method status="PASS" signature="testCase1(java.lang.String)[pri:0, instance:org.projecttoolstation.SearchBoxFunctionality@66a3ffec]" name="testCase1" duration-ms="25690" started-at="2022-09-01T08:40:03Z" data-provider="searchByItems" finished-at="2022-09-01T08:40:28Z">
          <params>
            <param index="0">
              <value>
                <![CDATA[drill bit set]]>
              </value>
            </param>
          </params>
          <reporter-output>
          </reporter-output>
        </test-method> <!-- testCase1 -->
        <test-method status="PASS" signature="startTime()[pri:0, instance:org.projecttoolstation.SearchBoxFunctionality@66a3ffec]" name="startTime" is-config="true" duration-ms="9001" started-at="2022-09-01T08:40:28Z" finished-at="2022-09-01T08:40:37Z">
          <reporter-output>
          </reporter-output>
        </test-method> <!-- startTime -->
        <test-method status="PASS" signature="endTime()[pri:0, instance:org.projecttoolstation.SearchBoxFunctionality@66a3ffec]" name="endTime" is-config="true" duration-ms="0" started-at="2022-09-01T08:40:28Z" finished-at="2022-09-01T08:40:28Z">
          <reporter-output>
          </reporter-output>
        </test-method> <!-- endTime -->
        <test-method status="PASS" signature="testCase1(java.lang.String)[pri:0, instance:org.projecttoolstation.SearchBoxFunctionality@66a3ffec]" name="testCase1" duration-ms="19192" started-at="2022-09-01T08:40:37Z" data-provider="searchByItems" finished-at="2022-09-01T08:40:57Z">
          <params>
            <param index="0">
              <value>
                <![CDATA[water pump]]>
              </value>
            </param>
          </params>
          <reporter-output>
          </reporter-output>
        </test-method> <!-- testCase1 -->
        <test-method status="PASS" signature="endTime()[pri:0, instance:org.projecttoolstation.SearchBoxFunctionality@66a3ffec]" name="endTime" is-config="true" duration-ms="2" started-at="2022-09-01T08:40:57Z" finished-at="2022-09-01T08:40:57Z">
          <reporter-output>
          </reporter-output>
        </test-method> <!-- endTime -->
        <test-method status="PASS" signature="quitBrowser()[pri:0, instance:org.projecttoolstation.SearchBoxFunctionality@66a3ffec]" name="quitBrowser" is-config="true" duration-ms="0" started-at="2022-09-01T08:40:57Z" finished-at="2022-09-01T08:40:57Z">
          <reporter-output>
          </reporter-output>
        </test-method> <!-- quitBrowser -->
      </class> <!-- org.projecttoolstation.SearchBoxFunctionality -->
      <class name="org.projecttoolstation.forgotPasswordFuntionality">
        <test-method status="PASS" signature="startingBowser()[pri:0, instance:org.projecttoolstation.forgotPasswordFuntionality@3e6fa38a]" name="startingBowser" is-config="true" duration-ms="1" started-at="2022-09-01T08:36:33Z" finished-at="2022-09-01T08:36:33Z">
          <reporter-output>
          </reporter-output>
        </test-method> <!-- startingBowser -->
        <test-method status="PASS" signature="starTime()[pri:0, instance:org.projecttoolstation.forgotPasswordFuntionality@3e6fa38a]" name="starTime" is-config="true" duration-ms="19671" started-at="2022-09-01T08:36:33Z" finished-at="2022-09-01T08:36:53Z">
          <reporter-output>
          </reporter-output>
        </test-method> <!-- starTime -->
        <test-method status="PASS" signature="testCase1()[pri:0, instance:org.projecttoolstation.forgotPasswordFuntionality@3e6fa38a]" name="testCase1" duration-ms="25095" started-at="2022-09-01T08:36:53Z" finished-at="2022-09-01T08:37:18Z">
          <reporter-output>
          </reporter-output>
        </test-method> <!-- testCase1 -->
        <test-method status="PASS" signature="endTime()[pri:0, instance:org.projecttoolstation.forgotPasswordFuntionality@3e6fa38a]" name="endTime" is-config="true" duration-ms="1" started-at="2022-09-01T08:37:18Z" finished-at="2022-09-01T08:37:18Z">
          <reporter-output>
          </reporter-output>
        </test-method> <!-- endTime -->
        <test-method status="PASS" signature="quitBrowser()[pri:0, instance:org.projecttoolstation.forgotPasswordFuntionality@3e6fa38a]" name="quitBrowser" is-config="true" duration-ms="1" started-at="2022-09-01T08:37:18Z" finished-at="2022-09-01T08:37:18Z">
          <reporter-output>
          </reporter-output>
        </test-method> <!-- quitBrowser -->
      </class> <!-- org.projecttoolstation.forgotPasswordFuntionality -->
      <class name="org.projecttoolstation.signUpFunctionality">
        <test-method status="PASS" signature="startingBrowser()[pri:0, instance:org.projecttoolstation.signUpFunctionality@6f7fd0e6]" name="startingBrowser" is-config="true" duration-ms="1" started-at="2022-09-01T08:35:04Z" finished-at="2022-09-01T08:35:04Z">
          <reporter-output>
          </reporter-output>
        </test-method> <!-- startingBrowser -->
        <test-method status="PASS" signature="startTime()[pri:0, instance:org.projecttoolstation.signUpFunctionality@6f7fd0e6]" name="startTime" is-config="true" duration-ms="4826" started-at="2022-09-01T08:35:04Z" finished-at="2022-09-01T08:35:09Z">
          <reporter-output>
          </reporter-output>
        </test-method> <!-- startTime -->
        <test-method status="PASS" signature="testCase1()[pri:0, instance:org.projecttoolstation.signUpFunctionality@6f7fd0e6]" name="testCase1" duration-ms="15189" started-at="2022-09-01T08:35:09Z" finished-at="2022-09-01T08:35:24Z">
          <reporter-output>
          </reporter-output>
        </test-method> <!-- testCase1 -->
        <test-method status="PASS" signature="endTime()[pri:0, instance:org.projecttoolstation.signUpFunctionality@6f7fd0e6]" name="endTime" is-config="true" duration-ms="1" started-at="2022-09-01T08:35:24Z" finished-at="2022-09-01T08:35:24Z">
          <reporter-output>
          </reporter-output>
        </test-method> <!-- endTime -->
        <test-method status="PASS" signature="quitBrowser()[pri:0, instance:org.projecttoolstation.signUpFunctionality@6f7fd0e6]" name="quitBrowser" is-config="true" duration-ms="0" started-at="2022-09-01T08:35:24Z" finished-at="2022-09-01T08:35:24Z">
          <reporter-output>
          </reporter-output>
        </test-method> <!-- quitBrowser -->
      </class> <!-- org.projecttoolstation.signUpFunctionality -->
      <class name="org.projecttoolstation.Trolleyfunctionality">
        <test-method status="PASS" signature="Startingbrowser()[pri:0, instance:org.projecttoolstation.Trolleyfunctionality@77caeb3e]" name="Startingbrowser" is-config="true" duration-ms="0" started-at="2022-09-01T08:40:57Z" finished-at="2022-09-01T08:40:57Z">
          <reporter-output>
          </reporter-output>
        </test-method> <!-- Startingbrowser -->
        <test-method status="PASS" signature="startTime()[pri:0, instance:org.projecttoolstation.Trolleyfunctionality@77caeb3e]" name="startTime" is-config="true" duration-ms="9166" started-at="2022-09-01T08:40:57Z" finished-at="2022-09-01T08:41:06Z">
          <reporter-output>
          </reporter-output>
        </test-method> <!-- startTime -->
        <test-method status="PASS" signature="testCase1()[pri:0, instance:org.projecttoolstation.Trolleyfunctionality@77caeb3e]" name="testCase1" duration-ms="135359" started-at="2022-09-01T08:41:06Z" finished-at="2022-09-01T08:43:21Z">
          <reporter-output>
          </reporter-output>
        </test-method> <!-- testCase1 -->
        <test-method status="PASS" signature="endTime()[pri:0, instance:org.projecttoolstation.Trolleyfunctionality@77caeb3e]" name="endTime" is-config="true" duration-ms="1" started-at="2022-09-01T08:43:21Z" finished-at="2022-09-01T08:43:21Z">
          <reporter-output>
          </reporter-output>
        </test-method> <!-- endTime -->
        <test-method status="PASS" signature="quitBrowser()[pri:0, instance:org.projecttoolstation.Trolleyfunctionality@77caeb3e]" name="quitBrowser" is-config="true" duration-ms="4555" started-at="2022-09-01T08:43:21Z" finished-at="2022-09-01T08:43:26Z">
          <reporter-output>
          </reporter-output>
        </test-method> <!-- quitBrowser -->
      </class> <!-- org.projecttoolstation.Trolleyfunctionality -->
      <class name="org.projecttoolstation.TestingSingInSinario">
        <test-method status="PASS" signature="startingBrowser()[pri:0, instance:org.projecttoolstation.TestingSingInSinario@47c62251]" name="startingBrowser" is-config="true" duration-ms="0" started-at="2022-09-01T08:35:24Z" finished-at="2022-09-01T08:35:24Z">
          <reporter-output>
          </reporter-output>
        </test-method> <!-- startingBrowser -->
        <test-method status="PASS" signature="startTime(java.lang.String)[pri:0, instance:org.projecttoolstation.TestingSingInSinario@47c62251]" name="startTime" is-config="true" duration-ms="4464" started-at="2022-09-01T08:35:24Z" finished-at="2022-09-01T08:35:28Z">
          <params>
            <param index="0">
              <value>
                <![CDATA[https://www.toolstation.com/login]]>
              </value>
            </param>
          </params>
          <reporter-output>
          </reporter-output>
        </test-method> <!-- startTime -->
        <test-method status="PASS" signature="testCase1()[pri:0, instance:org.projecttoolstation.TestingSingInSinario@47c62251]" name="testCase1" duration-ms="11095" started-at="2022-09-01T08:35:28Z" finished-at="2022-09-01T08:35:40Z">
          <reporter-output>
          </reporter-output>
        </test-method> <!-- testCase1 -->
        <test-method status="PASS" signature="endTime()[pri:0, instance:org.projecttoolstation.TestingSingInSinario@47c62251]" name="endTime" is-config="true" duration-ms="1" started-at="2022-09-01T08:35:40Z" finished-at="2022-09-01T08:35:40Z">
          <reporter-output>
          </reporter-output>
        </test-method> <!-- endTime -->
        <test-method status="PASS" signature="startTime(java.lang.String)[pri:0, instance:org.projecttoolstation.TestingSingInSinario@47c62251]" name="startTime" is-config="true" duration-ms="11423" started-at="2022-09-01T08:35:40Z" finished-at="2022-09-01T08:35:51Z">
          <params>
            <param index="0">
              <value>
                <![CDATA[https://www.toolstation.com/login]]>
              </value>
            </param>
          </params>
          <reporter-output>
          </reporter-output>
        </test-method> <!-- startTime -->
        <test-method status="PASS" signature="testCase2()[pri:0, instance:org.projecttoolstation.TestingSingInSinario@47c62251]" name="testCase2" duration-ms="16351" started-at="2022-09-01T08:35:51Z" finished-at="2022-09-01T08:36:07Z">
          <reporter-output>
          </reporter-output>
        </test-method> <!-- testCase2 -->
        <test-method status="PASS" signature="endTime()[pri:0, instance:org.projecttoolstation.TestingSingInSinario@47c62251]" name="endTime" is-config="true" duration-ms="1" started-at="2022-09-01T08:36:07Z" finished-at="2022-09-01T08:36:07Z">
          <reporter-output>
          </reporter-output>
        </test-method> <!-- endTime -->
        <test-method status="PASS" signature="startTime(java.lang.String)[pri:0, instance:org.projecttoolstation.TestingSingInSinario@47c62251]" name="startTime" is-config="true" duration-ms="12137" started-at="2022-09-01T08:36:07Z" finished-at="2022-09-01T08:36:19Z">
          <params>
            <param index="0">
              <value>
                <![CDATA[https://www.toolstation.com/login]]>
              </value>
            </param>
          </params>
          <reporter-output>
          </reporter-output>
        </test-method> <!-- startTime -->
        <test-method status="PASS" signature="testCase3()[pri:0, instance:org.projecttoolstation.TestingSingInSinario@47c62251]" name="testCase3" duration-ms="1189" started-at="2022-09-01T08:36:19Z" finished-at="2022-09-01T08:36:21Z">
          <reporter-output>
          </reporter-output>
        </test-method> <!-- testCase3 -->
        <test-method status="PASS" signature="endTime()[pri:0, instance:org.projecttoolstation.TestingSingInSinario@47c62251]" name="endTime" is-config="true" duration-ms="1" started-at="2022-09-01T08:36:21Z" finished-at="2022-09-01T08:36:21Z">
          <reporter-output>
          </reporter-output>
        </test-method> <!-- endTime -->
        <test-method status="PASS" signature="startTime(java.lang.String)[pri:0, instance:org.projecttoolstation.TestingSingInSinario@47c62251]" name="startTime" is-config="true" duration-ms="12360" started-at="2022-09-01T08:36:21Z" finished-at="2022-09-01T08:36:33Z">
          <params>
            <param index="0">
              <value>
                <![CDATA[https://www.toolstation.com/login]]>
              </value>
            </param>
          </params>
          <reporter-output>
          </reporter-output>
        </test-method> <!-- startTime -->
        <test-method status="PASS" signature="testCase4()[pri:0, instance:org.projecttoolstation.TestingSingInSinario@47c62251]" name="testCase4" duration-ms="290" started-at="2022-09-01T08:36:33Z" finished-at="2022-09-01T08:36:33Z">
          <reporter-output>
          </reporter-output>
        </test-method> <!-- testCase4 -->
        <test-method status="PASS" signature="endTime()[pri:0, instance:org.projecttoolstation.TestingSingInSinario@47c62251]" name="endTime" is-config="true" duration-ms="1" started-at="2022-09-01T08:36:33Z" finished-at="2022-09-01T08:36:33Z">
          <reporter-output>
          </reporter-output>
        </test-method> <!-- endTime -->
        <test-method status="PASS" signature="quitBrowser()[pri:0, instance:org.projecttoolstation.TestingSingInSinario@47c62251]" name="quitBrowser" is-config="true" duration-ms="0" started-at="2022-09-01T08:36:33Z" finished-at="2022-09-01T08:36:33Z">
          <reporter-output>
          </reporter-output>
        </test-method> <!-- quitBrowser -->
      </class> <!-- org.projecttoolstation.TestingSingInSinario -->
      <class name="org.projecttoolstation.homePageTesting">
        <test-method status="PASS" signature="startingBrowser()[pri:0, instance:org.projecttoolstation.homePageTesting@27efef64]" name="startingBrowser" is-config="true" duration-ms="14530" started-at="2022-09-01T08:33:01Z" finished-at="2022-09-01T08:33:16Z">
          <reporter-output>
          </reporter-output>
        </test-method> <!-- startingBrowser -->
        <test-method status="PASS" signature="startTime(java.lang.String)[pri:0, instance:org.projecttoolstation.homePageTesting@27efef64]" name="startTime" is-config="true" duration-ms="21839" started-at="2022-09-01T08:33:16Z" finished-at="2022-09-01T08:33:38Z">
          <params>
            <param index="0">
              <value>
                <![CDATA[https://www.toolstation.com/]]>
              </value>
            </param>
          </params>
          <reporter-output>
          </reporter-output>
        </test-method> <!-- startTime -->
        <test-method status="PASS" signature="popupFunctionalityTest1()[pri:0, instance:org.projecttoolstation.homePageTesting@27efef64]" name="popupFunctionalityTest1" duration-ms="1048" started-at="2022-09-01T08:33:38Z" finished-at="2022-09-01T08:33:39Z">
          <reporter-output>
          </reporter-output>
        </test-method> <!-- popupFunctionalityTest1 -->
        <test-method status="PASS" signature="endTime()[pri:0, instance:org.projecttoolstation.homePageTesting@27efef64]" name="endTime" is-config="true" duration-ms="2" started-at="2022-09-01T08:33:39Z" finished-at="2022-09-01T08:33:39Z">
          <reporter-output>
          </reporter-output>
        </test-method> <!-- endTime -->
        <test-method status="PASS" signature="startTime(java.lang.String)[pri:0, instance:org.projecttoolstation.homePageTesting@27efef64]" name="startTime" is-config="true" duration-ms="13792" started-at="2022-09-01T08:33:39Z" finished-at="2022-09-01T08:33:52Z">
          <params>
            <param index="0">
              <value>
                <![CDATA[https://www.toolstation.com/]]>
              </value>
            </param>
          </params>
          <reporter-output>
          </reporter-output>
        </test-method> <!-- startTime -->
        <test-method status="PASS" signature="testCase2()[pri:0, instance:org.projecttoolstation.homePageTesting@27efef64]" name="testCase2" duration-ms="4413" started-at="2022-09-01T08:33:52Z" finished-at="2022-09-01T08:33:57Z">
          <reporter-output>
          </reporter-output>
        </test-method> <!-- testCase2 -->
        <test-method status="PASS" signature="endTime()[pri:0, instance:org.projecttoolstation.homePageTesting@27efef64]" name="endTime" is-config="true" duration-ms="1" started-at="2022-09-01T08:33:57Z" finished-at="2022-09-01T08:33:57Z">
          <reporter-output>
          </reporter-output>
        </test-method> <!-- endTime -->
        <test-method status="PASS" signature="startTime(java.lang.String)[pri:0, instance:org.projecttoolstation.homePageTesting@27efef64]" name="startTime" is-config="true" duration-ms="23509" started-at="2022-09-01T08:33:57Z" finished-at="2022-09-01T08:34:20Z">
          <params>
            <param index="0">
              <value>
                <![CDATA[https://www.toolstation.com/]]>
              </value>
            </param>
          </params>
          <reporter-output>
          </reporter-output>
        </test-method> <!-- startTime -->
        <test-method status="PASS" signature="testcase1()[pri:0, instance:org.projecttoolstation.homePageTesting@27efef64]" name="testcase1" duration-ms="769" started-at="2022-09-01T08:34:20Z" finished-at="2022-09-01T08:34:21Z">
          <reporter-output>
          </reporter-output>
        </test-method> <!-- testcase1 -->
        <test-method status="PASS" signature="endTime()[pri:0, instance:org.projecttoolstation.homePageTesting@27efef64]" name="endTime" is-config="true" duration-ms="1" started-at="2022-09-01T08:34:21Z" finished-at="2022-09-01T08:34:21Z">
          <reporter-output>
          </reporter-output>
        </test-method> <!-- endTime -->
        <test-method status="PASS" signature="startTime(java.lang.String)[pri:0, instance:org.projecttoolstation.homePageTesting@27efef64]" name="startTime" is-config="true" duration-ms="13361" started-at="2022-09-01T08:34:21Z" finished-at="2022-09-01T08:34:34Z">
          <params>
            <param index="0">
              <value>
                <![CDATA[https://www.toolstation.com/]]>
              </value>
            </param>
          </params>
          <reporter-output>
          </reporter-output>
        </test-method> <!-- startTime -->
        <test-method status="PASS" signature="testcase3()[pri:0, instance:org.projecttoolstation.homePageTesting@27efef64]" name="testcase3" duration-ms="13367" started-at="2022-09-01T08:34:34Z" finished-at="2022-09-01T08:34:48Z">
          <reporter-output>
          </reporter-output>
        </test-method> <!-- testcase3 -->
        <test-method status="PASS" signature="endTime()[pri:0, instance:org.projecttoolstation.homePageTesting@27efef64]" name="endTime" is-config="true" duration-ms="0" started-at="2022-09-01T08:34:48Z" finished-at="2022-09-01T08:34:48Z">
          <reporter-output>
          </reporter-output>
        </test-method> <!-- endTime -->
        <test-method status="PASS" signature="startTime(java.lang.String)[pri:0, instance:org.projecttoolstation.homePageTesting@27efef64]" name="startTime" is-config="true" duration-ms="6405" started-at="2022-09-01T08:34:48Z" finished-at="2022-09-01T08:34:54Z">
          <params>
            <param index="0">
              <value>
                <![CDATA[https://www.toolstation.com/]]>
              </value>
            </param>
          </params>
          <reporter-output>
          </reporter-output>
        </test-method> <!-- startTime -->
        <test-method status="PASS" signature="testcase4()[pri:0, instance:org.projecttoolstation.homePageTesting@27efef64]" name="testcase4" duration-ms="9747" started-at="2022-09-01T08:34:54Z" finished-at="2022-09-01T08:35:04Z">
          <reporter-output>
          </reporter-output>
        </test-method> <!-- testcase4 -->
        <test-method status="PASS" signature="endTime()[pri:0, instance:org.projecttoolstation.homePageTesting@27efef64]" name="endTime" is-config="true" duration-ms="1" started-at="2022-09-01T08:35:04Z" finished-at="2022-09-01T08:35:04Z">
          <reporter-output>
          </reporter-output>
        </test-method> <!-- endTime -->
        <test-method status="PASS" signature="quitBrowser()[pri:0, instance:org.projecttoolstation.homePageTesting@27efef64]" name="quitBrowser" is-config="true" duration-ms="0" started-at="2022-09-01T08:35:04Z" finished-at="2022-09-01T08:35:04Z">
          <reporter-output>
          </reporter-output>
        </test-method> <!-- quitBrowser -->
      </class> <!-- org.projecttoolstation.homePageTesting -->
    </test> <!-- Test -->
  </suite> <!-- Suite -->
</testng-results>
