<?xml version="1.0" encoding="UTF-8"?>
<!-- Generated by org.testng.reporters.JUnitXMLReporter -->
<testsuite hostname="DESKTOP-SSNKPGG" ignored="0" name="Test" tests="16" failures="0" timestamp="03 Sep 2022 08:46:05 GMT" time="400.83" errors="0">
  <testcase name="popupFunctionalityTest1" time="0.731" classname="org.projecttoolstation.homePageTesting"/>
  <testcase name="testCase2" time="28.249" classname="org.projecttoolstation.homePageTesting"/>
  <testcase name="testcase1" time="2.634" classname="org.projecttoolstation.homePageTesting"/>
  <testcase name="testcase3" time="7.562" classname="org.projecttoolstation.homePageTesting"/>
  <testcase name="testcase4" time="6.365" classname="org.projecttoolstation.homePageTesting"/>
  <testcase name="testCase1" time="17.512" classname="org.projecttoolstation.signUpFunctionality"/>
  <testcase name="testCase1" time="6.788" classname="org.projecttoolstation.TestingSingInSinario"/>
  <testcase name="testCase2" time="11.262" classname="org.projecttoolstation.TestingSingInSinario"/>
  <testcase name="testCase3" time="1.725" classname="org.projecttoolstation.TestingSingInSinario"/>
  <testcase name="testCase4" time="0.963" classname="org.projecttoolstation.TestingSingInSinario"/>
  <testcase name="testCase1" time="4.369" classname="org.projecttoolstation.forgotPasswordFuntionality"/>
  <testcase name="testCase1" time="24.531" classname="org.projecttoolstation.SearchBoxFunctionality"/>
  <testcase name="testCase1" time="18.665" classname="org.projecttoolstation.SearchBoxFunctionality"/>
  <testcase name="testCase1" time="15.987" classname="org.projecttoolstation.SearchBoxFunctionality"/>
  <testcase name="testCase1" time="18.388" classname="org.projecttoolstation.SearchBoxFunctionality"/>
  <testcase name="testCase1" time="70.214" classname="org.projecttoolstation.Trolleyfunctionality"/>
</testsuite> <!-- Test -->
