<?xml version="1.0" encoding="UTF-8"?>
<!-- Generated by org.testng.reporters.JUnitXMLReporter -->
<testsuite hostname="DESKTOP-SSNKPGG" ignored="0" name="Test" tests="15" failures="0" timestamp="30 Aug 2022 09:43:19 GMT" time="242.211" errors="0">
  <testcase name="popupFunctionalityTest1" time="0.839" classname="org.projecttoolstation.homePageTesting"/>
  <testcase name="testCase2" time="2.002" classname="org.projecttoolstation.homePageTesting"/>
  <testcase name="testcase1" time="0.777" classname="org.projecttoolstation.homePageTesting"/>
  <testcase name="testcase3" time="5.423" classname="org.projecttoolstation.homePageTesting"/>
  <testcase name="testcase4" time="7.035" classname="org.projecttoolstation.homePageTesting"/>
  <testcase name="testCase1" time="14.997" classname="org.projecttoolstation.signUpFunctionality"/>
  <testcase name="testCase1" time="16.019" classname="org.projecttoolstation.TestingSingInSinario"/>
  <testcase name="testCase2" time="10.036" classname="org.projecttoolstation.TestingSingInSinario"/>
  <testcase name="testCase3" time="1.416" classname="org.projecttoolstation.TestingSingInSinario"/>
  <testcase name="testCase4" time="0.579" classname="org.projecttoolstation.TestingSingInSinario"/>
  <testcase name="testCase1" time="8.409" classname="org.projecttoolstation.forgotPasswordFuntionality"/>
  <testcase name="testCase1" time="23.095" classname="org.projecttoolstation.SearchBoxFunctionality"/>
  <testcase name="testCase1" time="18.677" classname="org.projecttoolstation.SearchBoxFunctionality"/>
  <testcase name="testCase1" time="11.264" classname="org.projecttoolstation.SearchBoxFunctionality"/>
  <testcase name="testCase1" time="11.202" classname="org.projecttoolstation.SearchBoxFunctionality"/>
</testsuite> <!-- Test -->
