<?xml version="1.0" encoding="UTF-8"?>
<!-- Generated by org.testng.reporters.JUnitXMLReporter -->
<testsuite hostname="DESKTOP-SSNKPGG" ignored="0" name="Default test" tests="5" failures="0" timestamp="30 Aug 2022 09:20:22 GMT" time="143.208" errors="0">
  <testcase name="popupFunctionalityTest3" time="1.198" classname="org.projecttoolstation.SearchBoxFunctionality"/>
  <testcase name="testCase1" time="27.478" classname="org.projecttoolstation.SearchBoxFunctionality"/>
  <testcase name="testCase1" time="19.081" classname="org.projecttoolstation.SearchBoxFunctionality"/>
  <testcase name="testCase1" time="14.995" classname="org.projecttoolstation.SearchBoxFunctionality"/>
  <testcase name="testCase1" time="19.07" classname="org.projecttoolstation.SearchBoxFunctionality"/>
</testsuite> <!-- Default test -->
